Symbol Table :
[{a=0, endloop=30, move=27, swapping=20, l1=12, l2=14, main=9, n=8}]

Parsed instructions :
[[PC=9	addi	[Register:0]	[Immediate:0]	[Register:3]
, PC=10	addi	[Register:3]	[Immediate:0]	[Register:4]
, PC=11	load	[Register:0]	[Label:n]	[Register:5]
, PC=12	beq	[Register:3]	[Register:5]	[Label:endloop]
, PC=13	jmp	null	null	[Label:l2]
, PC=14	beq	[Register:4]	[Register:5]	[Label:move]
, PC=15	load	[Register:3]	[Label:a]	[Register:6]
, PC=16	load	[Register:4]	[Label:a]	[Register:7]
, PC=17	bgt	[Register:7]	[Register:6]	[Label:swapping]
, PC=18	addi	[Register:4]	[Immediate:1]	[Register:4]
, PC=19	jmp	null	null	[Label:l2]
, PC=20	addi	[Register:7]	[Immediate:0]	[Register:8]
, PC=21	addi	[Register:6]	[Immediate:0]	[Register:7]
, PC=22	addi	[Register:8]	[Immediate:0]	[Register:6]
, PC=23	store	[Register:6]	[Label:a]	[Register:3]
, PC=24	store	[Register:7]	[Label:a]	[Register:4]
, PC=25	addi	[Register:4]	[Immediate:1]	[Register:4]
, PC=26	jmp	null	null	[Label:l2]
, PC=27	addi	[Register:3]	[Immediate:1]	[Register:3]
, PC=28	addi	[Register:3]	[Immediate:0]	[Register:4]
, PC=29	jmp	null	null	[Label:l1]
, PC=30	end	null	null	null
]]

Register File Contents:

PC	: 30

x0	: 0
x1	: 0
x2	: 0
x3	: 8
x4	: 8
x5	: 8
x6	: 10
x7	: 10
x8	: 20
x9	: 0
x10	: 0
x11	: 0
x12	: 0
x13	: 0
x14	: 0
x15	: 0
x16	: 0
x17	: 0
x18	: 0
x19	: 0
x20	: 0
x21	: 0
x22	: 0
x23	: 0
x24	: 0
x25	: 0
x26	: 0
x27	: 0
x28	: 0
x29	: 0
x30	: 0
x31	: 0



Main Memory Contents:

0		: 80
1		: 70
2		: 60
3		: 50
4		: 40
5		: 30
6		: 20
7		: 10


